<?xml version="1.0" encoding="UTF-8"?>
<testng-results ignored="0" total="1" passed="1" failed="0" skipped="0">
  <reporter-output>
    <line>
      <![CDATA[welcome inside testNG]]>
    </line>
  </reporter-output>
  <suite started-at="2024-04-01T12:01:35 IST" name="MySuite" finished-at="2024-04-01T12:01:35 IST" duration-ms="84">
    <groups>
    </groups>
    <test started-at="2024-04-01T12:01:35 IST" name="Test1" finished-at="2024-04-01T12:01:35 IST" duration-ms="84">
      <class name="package1.Test1">
        <test-method signature="welcomeMsg()[pri:0, instance:package1.Test1@2805d709]" started-at="2024-04-01T12:01:35 IST" name="welcomeMsg" finished-at="2024-04-01T12:01:35 IST" duration-ms="14" status="PASS">
          <reporter-output>
            <line>
              <![CDATA[welcome inside testNG]]>
            </line>
          </reporter-output>
        </test-method> <!-- welcomeMsg -->
      </class> <!-- package1.Test1 -->
    </test> <!-- Test1 -->
  </suite> <!-- MySuite -->
</testng-results>
